# JRE version: OpenJDK Runtime Environment (8.0_202-b03) (build 1.8.0_202-release-1483-b03)
# Java VM: OpenJDK 64-Bit Server VM (25.202-b03 mixed mode windows-amd64 compressed oops)
Heap:
 PSYoungGen      total 306176K, used 268409K [0x00000000e0000000, 0x00000000f5700000, 0x0000000100000000)
  eden space 277504K, 86% used [0x00000000e0000000,0x00000000eea20520,0x00000000f0f00000)
  from space 28672K, 99% used [0x00000000f3400000,0x00000000f4ffe2a0,0x00000000f5000000)
  to   space 36864K, 0% used [0x00000000f0f00000,0x00000000f0f00000,0x00000000f3300000)
 ParOldGen       total 549888K, used 52681K [0x00000000a0000000, 0x00000000c1900000, 0x00000000e0000000)
  object space 549888K, 9% used [0x00000000a0000000,0x00000000a33726b8,0x00000000c1900000)
 Metaspace       used 74727K, capacity 78094K, committed 78168K, reserved 1116160K
  class space    used 9825K, capacity 10570K, committed 10624K, reserved 1048576K
GC Heap History (10 events):
Event: 3.237 GC heap before
{Heap before GC invocations=7 (full 2):
 PSYoungGen      total 207360K, used 185856K [0x00000000e0000000, 0x00000000ee500000, 0x0000000100000000)
  eden space 185856K, 100% used [0x00000000e0000000,0x00000000eb580000,0x00000000eb580000)
  from space 21504K, 0% used [0x00000000eca80000,0x00000000eca80000,0x00000000edf80000)
  to   space 21504K, 0% used [0x00000000eb580000,0x00000000eb580000,0x00000000eca80000)
 ParOldGen       total 364544K, used 20936K [0x00000000a0000000, 0x00000000b6400000, 0x00000000e0000000)
  object space 364544K, 5% used [0x00000000a0000000,0x00000000a14723c8,0x00000000b6400000)
 Metaspace       used 50272K, capacity 51670K, committed 51928K, reserved 1093632K
  class space    used 6770K, capacity 7154K, committed 7168K, reserved 1048576K
Event: 3.249 GC heap after
Heap after GC invocations=7 (full 2):
 PSYoungGen      total 207360K, used 21489K [0x00000000e0000000, 0x00000000f1b80000, 0x0000000100000000)
  eden space 185856K, 0% used [0x00000000e0000000,0x00000000e0000000,0x00000000eb580000)
  from space 21504K, 99% used [0x00000000eb580000,0x00000000eca7c7a0,0x00000000eca80000)
  to   space 20992K, 0% used [0x00000000f0700000,0x00000000f0700000,0x00000000f1b80000)
 ParOldGen       total 364544K, used 21698K [0x00000000a0000000, 0x00000000b6400000, 0x00000000e0000000)
  object space 364544K, 5% used [0x00000000a0000000,0x00000000a1530820,0x00000000b6400000)
 Metaspace       used 50272K, capacity 51670K, committed 51928K, reserved 1093632K
  class space    used 6770K, capacity 7154K, committed 7168K, reserved 1048576K
}
Event: 3.826 GC heap before
{Heap before GC invocations=8 (full 2):
 PSYoungGen      total 207360K, used 136474K [0x00000000e0000000, 0x00000000f1b80000, 0x0000000100000000)
  eden space 185856K, 61% used [0x00000000e0000000,0x00000000e704a148,0x00000000eb580000)
  from space 21504K, 99% used [0x00000000eb580000,0x00000000eca7c7a0,0x00000000eca80000)
  to   space 20992K, 0% used [0x00000000f0700000,0x00000000f0700000,0x00000000f1b80000)
 ParOldGen       total 364544K, used 21698K [0x00000000a0000000, 0x00000000b6400000, 0x00000000e0000000)
  object space 364544K, 5% used [0x00000000a0000000,0x00000000a1530820,0x00000000b6400000)
 Metaspace       used 57111K, capacity 58890K, committed 59028K, reserved 1099776K
  class space    used 7695K, capacity 8164K, committed 8192K, reserved 1048576K
Event: 3.835 GC heap after
Heap after GC invocations=8 (full 2):
 PSYoungGen      total 265216K, used 20984K [0x00000000e0000000, 0x00000000f2600000, 0x0000000100000000)
  eden space 244224K, 0% used [0x00000000e0000000,0x00000000e0000000,0x00000000eee80000)
  from space 20992K, 99% used [0x00000000f0700000,0x00000000f1b7e2c0,0x00000000f1b80000)
  to   space 25088K, 0% used [0x00000000eee80000,0x00000000eee80000,0x00000000f0700000)
 ParOldGen       total 364544K, used 24426K [0x00000000a0000000, 0x00000000b6400000, 0x00000000e0000000)
  object space 364544K, 6% used [0x00000000a0000000,0x00000000a17da920,0x00000000b6400000)
 Metaspace       used 57111K, capacity 58890K, committed 59028K, reserved 1099776K
  class space    used 7695K, capacity 8164K, committed 8192K, reserved 1048576K
}
Event: 3.835 GC heap before
{Heap before GC invocations=9 (full 3):
 PSYoungGen      total 265216K, used 20984K [0x00000000e0000000, 0x00000000f2600000, 0x0000000100000000)
  eden space 244224K, 0% used [0x00000000e0000000,0x00000000e0000000,0x00000000eee80000)
  from space 20992K, 99% used [0x00000000f0700000,0x00000000f1b7e2c0,0x00000000f1b80000)
  to   space 25088K, 0% used [0x00000000eee80000,0x00000000eee80000,0x00000000f0700000)
 ParOldGen       total 364544K, used 24426K [0x00000000a0000000, 0x00000000b6400000, 0x00000000e0000000)
  object space 364544K, 6% used [0x00000000a0000000,0x00000000a17da920,0x00000000b6400000)
 Metaspace       used 57111K, capacity 58890K, committed 59028K, reserved 1099776K
  class space    used 7695K, capacity 8164K, committed 8192K, reserved 1048576K
Event: 4.000 GC heap after
Heap after GC invocations=9 (full 3):
 PSYoungGen      total 265216K, used 0K [0x00000000e0000000, 0x00000000f2600000, 0x0000000100000000)
  eden space 244224K, 0% used [0x00000000e0000000,0x00000000e0000000,0x00000000eee80000)
  from space 20992K, 0% used [0x00000000f0700000,0x00000000f0700000,0x00000000f1b80000)
  to   space 25088K, 0% used [0x00000000eee80000,0x00000000eee80000,0x00000000f0700000)
 ParOldGen       total 549888K, used 40922K [0x00000000a0000000, 0x00000000c1900000, 0x00000000e0000000)
  object space 549888K, 7% used [0x00000000a0000000,0x00000000a27f6ac8,0x00000000c1900000)
 Metaspace       used 57111K, capacity 58890K, committed 59028K, reserved 1099776K
  class space    used 7695K, capacity 8164K, committed 8192K, reserved 1048576K
}
Event: 9.651 GC heap before
{Heap before GC invocations=10 (full 3):
 PSYoungGen      total 265216K, used 244224K [0x00000000e0000000, 0x00000000f2600000, 0x0000000100000000)
  eden space 244224K, 100% used [0x00000000e0000000,0x00000000eee80000,0x00000000eee80000)
  from space 20992K, 0% used [0x00000000f0700000,0x00000000f0700000,0x00000000f1b80000)
  to   space 25088K, 0% used [0x00000000eee80000,0x00000000eee80000,0x00000000f0700000)
 ParOldGen       total 549888K, used 40922K [0x00000000a0000000, 0x00000000c1900000, 0x00000000e0000000)
  object space 549888K, 7% used [0x00000000a0000000,0x00000000a27f6ac8,0x00000000c1900000)
 Metaspace       used 66695K, capacity 69692K, committed 69848K, reserved 1110016K
  class space    used 9020K, capacity 9674K, committed 9728K, reserved 1048576K
Event: 9.662 GC heap after
Heap after GC invocations=10 (full 3):
 PSYoungGen      total 269312K, used 25063K [0x00000000e0000000, 0x00000000f5000000, 0x0000000100000000)
  eden space 244224K, 0% used [0x00000000e0000000,0x00000000e0000000,0x00000000eee80000)
  from space 25088K, 99% used [0x00000000eee80000,0x00000000f06f9e08,0x00000000f0700000)
  to   space 28672K, 0% used [0x00000000f3400000,0x00000000f3400000,0x00000000f5000000)
 ParOldGen       total 549888K, used 41979K [0x00000000a0000000, 0x00000000c1900000, 0x00000000e0000000)
  object space 549888K, 7% used [0x00000000a0000000,0x00000000a28feee0,0x00000000c1900000)
 Metaspace       used 66695K, capacity 69692K, committed 69848K, reserved 1110016K
  class space    used 9020K, capacity 9674K, committed 9728K, reserved 1048576K
}
Event: 183.677 GC heap before
{Heap before GC invocations=11 (full 3):
 PSYoungGen      total 269312K, used 269287K [0x00000000e0000000, 0x00000000f5000000, 0x0000000100000000)
  eden space 244224K, 100% used [0x00000000e0000000,0x00000000eee80000,0x00000000eee80000)
  from space 25088K, 99% used [0x00000000eee80000,0x00000000f06f9e08,0x00000000f0700000)
  to   space 28672K, 0% used [0x00000000f3400000,0x00000000f3400000,0x00000000f5000000)
 ParOldGen       total 549888K, used 41979K [0x00000000a0000000, 0x00000000c1900000, 0x00000000e0000000)
  object space 549888K, 7% used [0x00000000a0000000,0x00000000a28feee0,0x00000000c1900000)
 Metaspace       used 71999K, capacity 75258K, committed 75480K, reserved 1114112K
  class space    used 9443K, capacity 10160K, committed 10240K, reserved 1048576K
Event: 183.693 GC heap after
Heap after GC invocations=11 (full 3):
 PSYoungGen      total 306176K, used 28664K [0x00000000e0000000, 0x00000000f5700000, 0x0000000100000000)
  eden space 277504K, 0% used [0x00000000e0000000,0x00000000e0000000,0x00000000f0f00000)
  from space 28672K, 99% used [0x00000000f3400000,0x00000000f4ffe2a0,0x00000000f5000000)
  to   space 36864K, 0% used [0x00000000f0f00000,0x00000000f0f00000,0x00000000f3300000)
 ParOldGen       total 549888K, used 52681K [0x00000000a0000000, 0x00000000c1900000, 0x00000000e0000000)
  object space 549888K, 9% used [0x00000000a0000000,0x00000000a33726b8,0x00000000c1900000)
 Metaspace       used 71999K, capacity 75258K, committed 75480K, reserved 1114112K
  class space    used 9443K, capacity 10160K, committed 10240K, reserved 1048576K
}

